This is pdfTeX, Version 3.14159265-2.6-1.40.19 (TeX Live 2018/W32TeX) (preloaded format=pdflatex 2019.1.10)  1 MAR 2019 11:13
entering extended mode
 restricted \write18 enabled.
 %&-line parsing enabled.
**log.tex
(./log.tex
LaTeX2e <2018-12-01>
(c:/texlive/2018/texmf-dist/tex/latex/base/article.cls
Document Class: article 2018/09/03 v1.4i Standard LaTeX document class
(c:/texlive/2018/texmf-dist/tex/latex/base/size10.clo
File: size10.clo 2018/09/03 v1.4i Standard LaTeX file (size option)
)
\c@part=\count80
\c@section=\count81
\c@subsection=\count82
\c@subsubsection=\count83
\c@paragraph=\count84
\c@subparagraph=\count85
\c@figure=\count86
\c@table=\count87
\abovecaptionskip=\skip41
\belowcaptionskip=\skip42
\bibindent=\dimen102
) (./log.aux)
\openout1 = `log.aux'.

LaTeX Font Info:    Checking defaults for OML/cmm/m/it on input line 2.
LaTeX Font Info:    ... okay on input line 2.
LaTeX Font Info:    Checking defaults for T1/cmr/m/n on input line 2.
LaTeX Font Info:    ... okay on input line 2.
LaTeX Font Info:    Checking defaults for OT1/cmr/m/n on input line 2.
LaTeX Font Info:    ... okay on input line 2.
LaTeX Font Info:    Checking defaults for OMS/cmsy/m/n on input line 2.
LaTeX Font Info:    ... okay on input line 2.
LaTeX Font Info:    Checking defaults for OMX/cmex/m/n on input line 2.
LaTeX Font Info:    ... okay on input line 2.
LaTeX Font Info:    Checking defaults for U/cmr/m/n on input line 2.
LaTeX Font Info:    ... okay on input line 2.
LaTeX Font Info:    External font `cmex10' loaded for size
(Font)              <12> on input line 4.
LaTeX Font Info:    External font `cmex10' loaded for size
(Font)              <8> on input line 4.
LaTeX Font Info:    External font `cmex10' loaded for size
(Font)              <6> on input line 4.


LaTeX Warning: No \author given.


Underfull \hbox (badness 10000) in paragraph at lines 9--11

 []

LaTeX Font Info:    External font `cmex10' loaded for size
(Font)              <7> on input line 12.
LaTeX Font Info:    External font `cmex10' loaded for size
(Font)              <5> on input line 12.

Overfull \hbox (92.33858pt too wide) in paragraph at lines 12--26
[][] 
 []


Underfull \hbox (badness 10000) in paragraph at lines 12--26

 []


Underfull \hbox (badness 10000) in paragraph at lines 30--30
[]\OT1/cmr/m/n/10 Task
 []


Underfull \hbox (badness 10000) in paragraph at lines 30--31
[]\OT1/cmr/m/n/10 Supporting
 []


Underfull \hbox (badness 10000) in paragraph at lines 32--32
[]\OT1/cmr/m/n/10 Assigning
 []


Underfull \hbox (badness 10000) in paragraph at lines 32--32
[]\OT1/cmr/m/n/10 Decided
 []


Underfull \hbox (badness 10000) in paragraph at lines 32--32
\OT1/cmr/m/n/10 roles for
 []


Underfull \hbox (badness 10000) in paragraph at lines 32--32
\OT1/cmr/m/n/10 each mem-
 []


Underfull \hbox (badness 10000) in paragraph at lines 32--32
\OT1/cmr/m/n/10 ber dur-ing
 []


Underfull \hbox (badness 1365) in paragraph at lines 32--32
\OT1/cmr/m/n/10 the Read-ing
 []


Overfull \hbox (256.1258pt too wide) in paragraph at lines 32--33
[]\OT1/cmr/m/n/10 2XB3[]Meeting1[]2XB3[]FinalProjectMeetingMinutes[]Lab[]02[]Gr
oup5.pdf| 
 []


Underfull \hbox (badness 10000) in paragraph at lines 34--34
[]\OT1/cmr/m/n/10 Creating
 []


Underfull \hbox (badness 10000) in paragraph at lines 34--34
\OT1/cmr/m/n/10 Nec-es-sary
 []


Underfull \hbox (badness 10000) in paragraph at lines 34--34
[]\OT1/cmr/m/n/10 Discussed
 []


Underfull \hbox (badness 10000) in paragraph at lines 34--34
\OT1/cmr/m/n/10 with TA
 []


Underfull \hbox (badness 6284) in paragraph at lines 34--34
\OT1/cmr/m/n/10 about what
 []


Underfull \hbox (badness 10000) in paragraph at lines 34--34
\OT1/cmr/m/n/10 doc-u-ments
 []


Underfull \hbox (badness 10000) in paragraph at lines 34--34
\OT1/cmr/m/n/10 were nec-
 []


Underfull \hbox (badness 8019) in paragraph at lines 34--34
\OT1/cmr/m/n/10 es-sary, and
 []


Overfull \hbox (230.72017pt too wide) in paragraph at lines 34--35
[]\OT1/cmr/m/n/10 Meeting2[]2XB3[]FinalProjectMeetingMinutes[]Lab[]02[]Group5.p
df,
 []


Overfull \hbox (63.80864pt too wide) in paragraph at lines 34--35
\OT1/cmr/m/n/10 Group05[]Project[]Roles.pdf,
 []


Underfull \hbox (badness 10000) in paragraph at lines 36--36
[]\OT1/cmr/m/n/10 Worked
 []


Underfull \hbox (badness 10000) in paragraph at lines 36--36
\OT1/cmr/m/n/10 on Re-
 []


Underfull \hbox (badness 10000) in paragraph at lines 36--36
\OT1/cmr/m/n/10 quire-ments
 []


Overfull \hbox (79.69476pt too wide) in paragraph at lines 36--37
[]\OT1/cmr/m/n/10 Requirements[]Specification.doc| 
 []


Overfull \hbox (51.98024pt too wide) in paragraph at lines 28--39
[] 
 []

[1

{c:/texlive/2018/texmf-var/fonts/map/pdftex/updmap/pdftex.map}] (./log.aux) ) 
Here is how much of TeX's memory you used:
 228 strings out of 492616
 2419 string characters out of 6132768
 66645 words of memory out of 5000000
 4217 multiletter control sequences out of 15000+600000
 7280 words of font info for 26 fonts, out of 8000000 for 9000
 1141 hyphenation exceptions out of 8191
 23i,9n,19p,273b,193s stack positions out of 5000i,500n,10000p,200000b,80000s
<c
:/texlive/2018/texmf-dist/fonts/type1/public/amsfonts/cm/cmbx12.pfb><c:/texlive
/2018/texmf-dist/fonts/type1/public/amsfonts/cm/cmr10.pfb><c:/texlive/2018/texm
f-dist/fonts/type1/public/amsfonts/cm/cmr12.pfb><c:/texlive/2018/texmf-dist/fon
ts/type1/public/amsfonts/cm/cmr17.pfb>
Output written on log.pdf (1 page, 50196 bytes).
PDF statistics:
 24 PDF objects out of 1000 (max. 8388607)
 16 compressed objects within 1 object stream
 0 named destinations out of 1000 (max. 500000)
 1 words of extra memory for PDF output out of 10000 (max. 10000000)

