[2019-04-04 18:48:01.537] [exthost1] [info] extension host started
[2019-04-04 18:48:03.024] [exthost1] [info] extension host started
[2019-04-04 18:48:03.096] [exthost1] [info] ExtensionService#_doActivateExtension vscode.debug-auto-launch {"startup":true,"activationEvent":"*"}
[2019-04-04 18:48:03.096] [exthost1] [info] ExtensionService#loadCommonJSModule c:\Users\robbi\.codemix\engine\resources\app\extensions\debug-auto-launch\out\extension
[2019-04-04 18:48:03.119] [exthost1] [info] ExtensionService#_doActivateExtension vscode.emmet {"startup":true,"activationEvent":"*"}
[2019-04-04 18:48:03.119] [exthost1] [info] ExtensionService#loadCommonJSModule c:\Users\robbi\.codemix\engine\resources\app\extensions\emmet\dist\extension
[2019-04-04 18:48:03.215] [exthost1] [info] ExtensionService#_doActivateExtension vscode.merge-conflict {"startup":true,"activationEvent":"*"}
[2019-04-04 18:48:03.215] [exthost1] [info] ExtensionService#loadCommonJSModule c:\Users\robbi\.codemix\engine\resources\app\extensions\merge-conflict\out\extension
[2019-04-04 18:48:03.251] [exthost1] [info] ExtensionService#_doActivateExtension vscode.search-rg {"startup":true,"activationEvent":"*"}
[2019-04-04 18:48:03.251] [exthost1] [info] ExtensionService#loadCommonJSModule c:\Users\robbi\.codemix\engine\resources\app\extensions\search-rg\out\extension
[2019-04-04 18:48:03.269] [exthost1] [info] ExtensionService#_doActivateExtension christian-kohler.path-intellisense {"startup":true,"activationEvent":"*"}
[2019-04-04 18:48:03.269] [exthost1] [info] ExtensionService#loadCommonJSModule C:\Users\robbi\.codemix\extensions\christian-kohler.path-intellisense-1.4.2\out\src\extension
[2019-04-04 18:48:03.301] [exthost1] [info] eager extensions activated
[2019-04-04 18:48:03.302] [exthost1] [info] ExtensionService#_doActivateExtension vscode.configuration-editing {"startup":false,"activationEvent":"onLanguage:jsonc"}
[2019-04-04 18:48:03.302] [exthost1] [info] ExtensionService#loadCommonJSModule c:\Users\robbi\.codemix\engine\resources\app\extensions\configuration-editing\out\extension
[2019-04-04 18:48:03.330] [exthost1] [info] ExtensionService#_doActivateExtension vscode.json-language-features {"startup":false,"activationEvent":"onLanguage:jsonc"}
[2019-04-04 18:48:03.330] [exthost1] [info] ExtensionService#loadCommonJSModule c:\Users\robbi\.codemix\engine\resources\app\extensions\json-language-features\client\dist\jsonMain
[2019-04-04 18:48:03.613] [exthost1] [info] ExtensionService#_doActivateExtension vscode.typescript-language-features {"startup":false,"activationEvent":"onLanguage:jsonc"}
[2019-04-04 18:48:03.613] [exthost1] [info] ExtensionService#loadCommonJSModule c:\Users\robbi\.codemix\engine\resources\app\extensions\typescript-language-features\dist\extension
[2019-04-04 18:48:03.896] [exthost1] [info] ExtensionService#_doActivateExtension vscode.grunt {"startup":false,"activationEvent":"onCommand:workbench.action.tasks.runTask"}
[2019-04-04 18:48:03.896] [exthost1] [info] ExtensionService#loadCommonJSModule c:\Users\robbi\.codemix\engine\resources\app\extensions\grunt\out\main
[2019-04-04 18:48:03.913] [exthost1] [info] ExtensionService#_doActivateExtension vscode.gulp {"startup":false,"activationEvent":"onCommand:workbench.action.tasks.runTask"}
[2019-04-04 18:48:03.913] [exthost1] [info] ExtensionService#loadCommonJSModule c:\Users\robbi\.codemix\engine\resources\app\extensions\gulp\out\main
[2019-04-04 18:48:03.928] [exthost1] [info] ExtensionService#_doActivateExtension vscode.jake {"startup":false,"activationEvent":"onCommand:workbench.action.tasks.runTask"}
[2019-04-04 18:48:03.928] [exthost1] [info] ExtensionService#loadCommonJSModule c:\Users\robbi\.codemix\engine\resources\app\extensions\jake\out\main
[2019-04-04 18:48:03.942] [exthost1] [info] ExtensionService#_doActivateExtension vscode.npm {"startup":false,"activationEvent":"onCommand:workbench.action.tasks.runTask"}
[2019-04-04 18:48:03.942] [exthost1] [info] ExtensionService#loadCommonJSModule c:\Users\robbi\.codemix\engine\resources\app\extensions\npm\out\main
